<?xml version="1.0" encoding="UTF-8"?>
<testng-results ignored="0" total="1" passed="1" failed="0" skipped="0">
  <reporter-output>
  </reporter-output>
  <suite started-at="2023-06-08T13:04:00 IST" name="Default suite" finished-at="2023-06-08T13:04:39 IST" duration-ms="38925">
    <groups>
      <group name="cucumber">
        <method signature="AbstractTestNGCucumberTests.runScenario(io.cucumber.testng.PickleWrapper,io.cucumber.testng.FeatureWrapper)[pri:0, instance:TestRunner.teatrunner_excelreader@2e385cce]" name="runScenario" class="io.cucumber.testng.AbstractTestNGCucumberTests"/>
      </group> <!-- cucumber -->
    </groups>
    <test started-at="2023-06-08T13:04:00 IST" name="Default test" finished-at="2023-06-08T13:04:39 IST" duration-ms="38925">
      <class name="TestRunner.teatrunner_excelreader">
        <test-method is-config="true" signature="setUpClass(org.testng.ITestContext)[pri:0, instance:TestRunner.teatrunner_excelreader@2e385cce]" started-at="2023-06-08T13:04:00 IST" name="setUpClass" finished-at="2023-06-08T13:04:01 IST" duration-ms="431" status="PASS">
          <params>
            <param index="0">
              <value>
                <![CDATA[org.testng.TestRunner@44641d6c]]>
              </value>
            </param>
          </params>
          <reporter-output>
          </reporter-output>
        </test-method> <!-- setUpClass -->
        <test-method signature="runScenario(io.cucumber.testng.PickleWrapper,io.cucumber.testng.FeatureWrapper)[pri:0, instance:TestRunner.teatrunner_excelreader@2e385cce]" started-at="2023-06-08T13:04:01 IST" name="runScenario" description="Runs Cucumber Scenarios" data-provider="scenarios" finished-at="2023-06-08T13:04:39 IST" duration-ms="38431" status="PASS">
          <params>
            <param index="0">
              <value>
                <![CDATA["Validate Login functionality with valid data"]]>
              </value>
            </param>
            <param index="1">
              <value>
                <![CDATA["Excel"]]>
              </value>
            </param>
          </params>
          <reporter-output>
          </reporter-output>
        </test-method> <!-- runScenario -->
        <test-method is-config="true" signature="tearDownClass()[pri:0, instance:TestRunner.teatrunner_excelreader@2e385cce]" started-at="2023-06-08T13:04:39 IST" name="tearDownClass" finished-at="2023-06-08T13:04:39 IST" duration-ms="46" status="PASS">
          <reporter-output>
          </reporter-output>
        </test-method> <!-- tearDownClass -->
      </class> <!-- TestRunner.teatrunner_excelreader -->
    </test> <!-- Default test -->
  </suite> <!-- Default suite -->
</testng-results>
